2018-05-25 14:45:48 - Starting C:\Program Files\nodejs\node.exe  --harmony --max_old_space_size=4096 C:\Users\jacknip\AppData\Roaming\npm\node_modules\node-windows\lib\wrapper.js --file C:\GESchedulingApp\GESchedulingApp\GEApp\GESchedApiApp\server.js --log "SchedulingAppBeta1 wrapper" --grow 0.25 --wait 1 --maxrestarts 3 --abortonerror n --stopparentfirst undefined
2018-05-25 14:45:48 - Started 14936
2018-05-25 15:29:08 - Stopping schedulingappbeta1.exe
2018-05-25 15:29:08 - ProcessKill 14936
2018-05-25 15:29:08 - Found child process: 14480 Name: conhost.exe
2018-05-25 15:29:08 - Found child process: 8104 Name: node.exe
2018-05-25 15:29:08 - Stopping process 14480
2018-05-25 15:29:08 - Send SIGINT 14480
2018-05-25 15:29:08 - SIGINT to 14480 failed - Killing as fallback
2018-05-25 15:29:08 - Stopping process 8104
2018-05-25 15:29:08 - Send SIGINT 8104
2018-05-25 15:29:08 - SIGINT to 8104 failed - Killing as fallback
2018-05-25 15:29:08 - Stopping process 14936
2018-05-25 15:29:08 - Send SIGINT 14936
2018-05-25 15:29:08 - SIGINT to 14936 failed - Killing as fallback
2018-05-25 15:29:08 - Finished schedulingappbeta1.exe
2018-05-25 15:49:30 - Starting C:\Program Files\nodejs\node.exe  --harmony --max_old_space_size=4096 C:\Users\jacknip\AppData\Roaming\npm\node_modules\node-windows\lib\wrapper.js --file C:\GESchedulingApp\GESchedulingApp\GEApp\GESchedApiApp\server.js --log "SchedulingAppBeta1 wrapper" --grow 0.25 --wait 1 --maxrestarts 3 --abortonerror n --stopparentfirst undefined
2018-05-25 15:49:30 - Started 10256
2018-05-25 16:57:38 - Stopping schedulingappbeta1.exe
2018-05-25 16:57:38 - ProcessKill 10256
2018-05-25 16:57:38 - Found child process: 15964 Name: conhost.exe
2018-05-25 16:57:38 - Found child process: 16252 Name: node.exe
2018-05-25 16:57:38 - Stopping process 15964
2018-05-25 16:57:38 - Send SIGINT 15964
2018-05-25 16:57:38 - SIGINT to 15964 failed - Killing as fallback
2018-05-25 16:57:38 - Stopping process 16252
2018-05-25 16:57:38 - Send SIGINT 16252
2018-05-25 16:57:38 - SIGINT to 16252 failed - Killing as fallback
2018-05-25 16:57:38 - Stopping process 10256
2018-05-25 16:57:38 - Send SIGINT 10256
2018-05-25 16:57:38 - SIGINT to 10256 failed - Killing as fallback
2018-05-25 16:57:38 - Finished schedulingappbeta1.exe
2018-05-25 18:09:49 - Starting C:\Program Files\nodejs\node.exe  --harmony --max_old_space_size=4096 C:\Users\jacknip\AppData\Roaming\npm\node_modules\node-windows\lib\wrapper.js --file C:\GESchedulingApp\GESchedulingApp\GEApp\GESchedApiApp\server.js --log "SchedulingAppBeta1 wrapper" --grow 0.25 --wait 1 --maxrestarts 3 --abortonerror n --stopparentfirst undefined
2018-05-25 18:09:49 - Started 12408
2018-05-25 18:12:57 - Stopping schedulingappbeta1.exe
2018-05-25 18:12:57 - ProcessKill 12408
2018-05-25 18:12:57 - Found child process: 16772 Name: conhost.exe
2018-05-25 18:12:57 - Found child process: 14976 Name: node.exe
2018-05-25 18:12:57 - Stopping process 16772
2018-05-25 18:12:57 - Send SIGINT 16772
2018-05-25 18:12:57 - SIGINT to 16772 failed - Killing as fallback
2018-05-25 18:12:57 - Stopping process 14976
2018-05-25 18:12:57 - Send SIGINT 14976
2018-05-25 18:12:57 - SIGINT to 14976 failed - Killing as fallback
2018-05-25 18:12:57 - Stopping process 12408
2018-05-25 18:12:57 - Send SIGINT 12408
2018-05-25 18:12:57 - SIGINT to 12408 failed - Killing as fallback
2018-05-25 18:12:57 - Finished schedulingappbeta1.exe
2018-06-06 14:29:33 - Starting C:\Program Files\nodejs\node.exe  --harmony --max_old_space_size=4096 C:\Users\jacknip\AppData\Roaming\npm\node_modules\node-windows\lib\wrapper.js --file C:\GESchedulingApp\GESchedulingApp\GEApp\GESchedApiApp\server.js --log "SchedulingAppBeta1 wrapper" --grow 0.25 --wait 1 --maxrestarts 3 --abortonerror n --stopparentfirst undefined
2018-06-06 14:29:33 - Started 15920
2018-06-06 15:06:37 - Stopping schedulingappbeta1.exe
2018-06-06 15:06:37 - ProcessKill 15920
2018-06-06 15:06:37 - Found child process: 3792 Name: conhost.exe
2018-06-06 15:06:37 - Found child process: 9232 Name: node.exe
2018-06-06 15:06:38 - Stopping process 3792
2018-06-06 15:06:38 - Send SIGINT 3792
2018-06-06 15:06:38 - SIGINT to 3792 failed - Killing as fallback
2018-06-06 15:06:38 - Stopping process 9232
2018-06-06 15:06:38 - Send SIGINT 9232
2018-06-06 15:06:38 - SIGINT to 9232 failed - Killing as fallback
2018-06-06 15:06:38 - Stopping process 15920
2018-06-06 15:06:38 - Send SIGINT 15920
2018-06-06 15:06:38 - SIGINT to 15920 failed - Killing as fallback
2018-06-06 15:06:38 - Finished schedulingappbeta1.exe
