2018-05-14T00:00:17.586Z - verbose: hotelController.createHotel begin
2018-05-14T00:00:17.632Z - info: hotelController.createHotel - Hotel.save success. About to send back http response with hotel called { _id: 5af8d1914446803f44a0dfcf,
  name: 'Marlborough Test Hotel',
  address: '200 Boston Post Road West, Marlborough, MA 01752',
  phone: '888-543-9500 or 508-460-0700',
  corporateRates: 'Call for GE Rate',
  createdAt: 2018-05-14T00:00:17.604Z,
  updatedAt: 2018-05-14T00:00:17.604Z,
  __v: 0 }
2018-05-14T00:01:00.866Z - verbose: hotelController.getHotels begin
2018-05-14T00:01:00.880Z - info: hotelController.getHotels - Hotel.find success. About to send back http response with 7 hotels
2018-05-14T00:02:12.153Z - verbose: Set up API routes for the Hotel entity.
2018-05-14T00:02:12.176Z - info: GEMeetingRequestWebApp listening on port 9090
2018-05-14T00:02:13.234Z - info: The MongoDB connected: mongodb://localhost:27017/GEMeetingRequestDB-HLS-MA
2018-05-14T00:02:39.870Z - verbose: hotelController.getHotel begin
2018-05-14T00:03:02.641Z - info: hotelController.getHotel - Hotel.findById success. About to to send back http response with hotel:
 { _id: 5af8ce30e7fde532c0ccc946,
  name: 'Fairfield Inn & Suites / Apex Center',
  address: '105 Apex Drive, Marlborough, MA 01752',
  phone: '508-720-1500',
  createdAt: 2018-05-13T23:45:52.900Z,
  updatedAt: 2018-05-13T23:45:52.900Z,
  __v: 0 }
2018-05-14T00:03:30.378Z - verbose: hotelController.getHotel begin
2018-05-14T00:04:16.329Z - info: hotelController.getHotel - Hotel.findById success. About to to send back http response with hotel:
 { _id: 5af8ce30e7fde532c0ccc946,
  name: 'Fairfield Inn & Suites / Apex Center',
  address: '105 Apex Drive, Marlborough, MA 01752',
  phone: '508-720-1500',
  createdAt: 2018-05-13T23:45:52.900Z,
  updatedAt: 2018-05-13T23:45:52.900Z,
  __v: 0 }
2018-05-14T00:04:33.169Z - verbose: hotelController.getHotel begin
2018-05-14T00:04:37.325Z - error: hotelController.getHotel - Hotel.findById failed. Error: CastError: Cast to ObjectId failed for value "5af8ce30e7fde532c0ccc94p" at path "_id" for model "hotel"
2018-05-14T00:05:29.509Z - verbose: hotelController.getHotel begin
2018-05-14T00:07:18.845Z - info: ADMIN: The MongoDB connected: mongodb://localhost:27017/GEMeetingRequestDB-HLS-MA
2018-05-14T00:07:18.905Z - verbose: About to delete hotel 5af8ce30e7fde532c0ccc941
2018-05-14T00:07:18.908Z - verbose: About to delete hotel 5af8ce30e7fde532c0ccc942
2018-05-14T00:07:18.909Z - verbose: About to delete hotel 5af8ce30e7fde532c0ccc943
2018-05-14T00:07:18.911Z - verbose: About to delete hotel 5af8ce30e7fde532c0ccc944
2018-05-14T00:07:18.913Z - verbose: About to delete hotel 5af8ce30e7fde532c0ccc946
2018-05-14T00:07:18.915Z - verbose: About to delete hotel 5af8ce30e7fde532c0ccc945
2018-05-14T00:07:18.916Z - verbose: About to delete hotel 5af8d1914446803f44a0dfcf
2018-05-14T00:07:20.020Z - info: ADMIN: deleteHotel - Hotel.findByIdAndRemove 5af8ce30e7fde532c0ccc941 success. Deleted hotel called Hilton Garden Inn
2018-05-14T00:07:20.958Z - info: ADMIN: deleteHotel - Hotel.findByIdAndRemove 5af8ce30e7fde532c0ccc942 success. Deleted hotel called Embassy Hotel & Suites
2018-05-14T00:07:20.961Z - info: ADMIN: deleteHotel - Hotel.findByIdAndRemove 5af8ce30e7fde532c0ccc943 success. Deleted hotel called Marlborough Courtyard Marriott
2018-05-14T00:07:20.975Z - info: ADMIN: deleteHotel - Hotel.findByIdAndRemove 5af8ce30e7fde532c0ccc944 success. Deleted hotel called Best Western Royal Plaza Hotel
2018-05-14T00:07:21.986Z - info: ADMIN: deleteHotel - Hotel.findByIdAndRemove 5af8ce30e7fde532c0ccc945 success. Deleted hotel called Hyatt Place / Apex Center
2018-05-14T00:07:21.990Z - info: ADMIN: deleteHotel - Hotel.findByIdAndRemove 5af8d1914446803f44a0dfcf success. Deleted hotel called Marlborough Test Hotel
2018-05-14T00:07:21.994Z - info: ADMIN: deleteHotel - Hotel.findByIdAndRemove 5af8ce30e7fde532c0ccc946 success. Deleted hotel called Fairfield Inn & Suites / Apex Center
