2018-06-03T21:37:11.515Z - verbose: Setting up API routes for the User entity.
2018-06-03T21:37:11.560Z - verbose: Setting up API routes for the RequestPrompt entity.
2018-06-03T21:37:11.561Z - error: Set up API routes for the RequestPrompt entity failed. Error: ReferenceError: requestPromptController is not defined
2018-06-03T21:37:11.588Z - info: GEMeetingRequestApiApp listening on port 9090
2018-06-03T21:38:37.140Z - verbose: Setting up API routes for the User entity.
2018-06-03T21:38:37.172Z - verbose: Setting up API routes for the RequestPrompt entity.
2018-06-03T21:38:37.187Z - info: GEMeetingRequestApiApp listening on port 9090
2018-06-03T21:38:51.223Z - verbose: requestPromptController.createRequestPrompt begin
2018-06-03T21:41:13.855Z - verbose: Setting up API routes for the User entity.
2018-06-03T21:41:29.127Z - verbose: Setting up API routes for the User entity.
2018-06-03T21:42:25.922Z - verbose: Setting up API routes for the User entity.
2018-06-03T21:42:25.958Z - verbose: Setting up API routes for the RequestPrompt entity.
2018-06-03T21:42:25.973Z - info: GEMeetingRequestApiApp listening on port 9090
2018-06-03T21:42:36.962Z - verbose: requestPromptController.createRequestPrompt begin
2018-06-03T21:43:44.583Z - verbose: Setting up API routes for the User entity.
2018-06-03T21:43:44.627Z - verbose: Setting up API routes for the RequestPrompt entity.
2018-06-03T21:43:44.645Z - info: GEMeetingRequestApiApp listening on port 9090
2018-06-03T21:43:52.417Z - verbose: requestPromptController.createRequestPrompt begin
2018-06-03T21:45:58.827Z - verbose: Setting up API routes for the User entity.
2018-06-03T21:45:58.904Z - verbose: Setting up API routes for the RequestPrompt entity.
2018-06-03T21:45:58.923Z - info: GEMeetingRequestApiApp listening on port 9090
2018-06-03T21:46:12.092Z - verbose: requestPromptController.createRequestPrompt begin
2018-06-03T21:46:23.011Z - info: requestPromptController.createRequestPrompt - RequestPrompt.save success. About to send back http response with requestPrompt called { _id: 5b1461a499ed1606b83d70e2,
  seqNum: 1,
  type: 'standard',
  label: 'email',
  inputType: 
   { valueChoices: [],
     numberRange: [],
     _id: 5b1461a499ed1606b83d70e3,
     ctrlDataId: 'emailInput',
     ctrlType: 'text' },
  screenNum: 1,
  __v: 0 }
2018-06-03T21:47:43.177Z - verbose: requestPromptController.createRequestPrompt begin
2018-06-03T21:47:46.795Z - info: requestPromptController.createRequestPrompt - RequestPrompt.save success. About to send back http response with requestPrompt called { _id: 5b14620099ed1606b83d70e4,
  seqNum: 2,
  type: 'standard',
  label: 'contact',
  inputType: 
   { valueChoices: [],
     numberRange: [],
     _id: 5b14620099ed1606b83d70e5,
     ctrlDataId: 'contactInput',
     ctrlType: 'text' },
  screenNum: 1,
  __v: 0 }
2018-06-03T21:48:17.205Z - verbose: requestPromptController.createRequestPrompt begin
2018-06-03T21:48:18.787Z - info: requestPromptController.createRequestPrompt - RequestPrompt.save success. About to send back http response with requestPrompt called { _id: 5b14622199ed1606b83d70e6,
  seqNum: 3,
  type: 'standard',
  label: 'time',
  inputType: 
   { valueChoices: [],
     numberRange: [],
     _id: 5b14622199ed1606b83d70e7,
     ctrlDataId: 'timeInput',
     ctrlType: 'text' },
  screenNum: 2,
  __v: 0 }
2018-06-03T21:51:01.824Z - verbose: requestPromptController.getRequestPrompts begin
2018-06-03T21:51:30.981Z - info: requestPromptController.getRequestPrompts - RequestPrompt.find success. About to send back http response with 3 requestPrompts
2018-06-03T21:52:34.005Z - verbose: requestPromptController.getRequestPrompts begin
2018-06-03T21:52:44.600Z - info: requestPromptController.getRequestPrompts - RequestPrompt.find success. About to send back http response with 1 requestPrompts
2018-06-03T21:54:52.482Z - verbose: requestPromptController.getRequestPrompts begin
2018-06-03T21:55:47.033Z - verbose: Setting up API routes for the User entity.
2018-06-03T21:55:47.156Z - verbose: Setting up API routes for the RequestPrompt entity.
2018-06-03T21:55:47.177Z - info: GEMeetingRequestApiApp listening on port 9090
2018-06-03T21:55:54.380Z - verbose: requestPromptController.getRequestPrompts begin
2018-06-03T21:56:22.949Z - info: requestPromptController.getRequestPrompts - RequestPrompt.find success. About to send back http response with 2 requestPrompts
