2018-05-22T02:11:31.790Z - verbose: Setting up API routes for the User entity.
2018-05-22T02:11:31.812Z - info: GEMeetingRequestApiApp listening on port 9090
2018-05-22T02:13:13.334Z - verbose: userController.loginUser begin
2018-05-22T02:15:00.324Z - verbose: Setting up API routes for the User entity.
2018-05-22T02:15:00.341Z - info: GEMeetingRequestApiApp listening on port 9090
2018-05-22T02:15:08.935Z - verbose: userController.loginUser begin
2018-05-22T02:16:16.268Z - verbose: Setting up API routes for the User entity.
2018-05-22T02:16:16.288Z - info: GEMeetingRequestApiApp listening on port 9090
2018-05-22T02:16:22.317Z - verbose: userController.loginUser begin
2018-05-22T02:17:12.171Z - verbose: Setting up API routes for the User entity.
2018-05-22T02:17:12.193Z - info: GEMeetingRequestApiApp listening on port 9090
2018-05-22T02:17:16.499Z - verbose: userController.loginUser begin
2018-05-22T02:17:19.436Z - info: userController.loginUser - User.findOne success. About to send back http response with user: { _id: 5b03105437d8a42a78e1ea8d,
  email: 'johndoe@ge.com',
  name: 'John Doe',
  createdAt: 2018-05-21T18:30:44.596Z,
  updatedAt: 2018-05-21T18:30:44.596Z,
  __v: 0 }
2018-05-22T02:36:36.474Z - verbose: Setting up API routes for the User entity.
2018-05-22T02:36:36.495Z - info: GEMeetingRequestApiApp listening on port 9090
2018-05-22T02:37:51.393Z - verbose: userController.loginUser begin
2018-05-22T02:38:17.053Z - error: userController.loginUser failed. Error: A site code must be passed to get the User model!
2018-05-22T02:40:51.026Z - verbose: userController.loginUser begin
2018-05-22T02:41:03.506Z - error: userController.loginUser failed. Error: A site code must be passed to get the User model!
2018-05-22T02:41:42.531Z - verbose: userController.loginUser begin
2018-05-22T02:42:47.608Z - verbose: userController.loginUser begin
2018-05-22T02:44:54.503Z - verbose: Setting up API routes for the User entity.
2018-05-22T02:44:54.523Z - info: GEMeetingRequestApiApp listening on port 9090
2018-05-22T02:45:05.599Z - verbose: userController.loginUser begin
2018-05-22T02:46:43.144Z - verbose: userController.loginUser begin
2018-05-22T02:47:02.159Z - verbose: userController.loginUser begin
2018-05-22T02:48:37.101Z - verbose: userController.loginUser begin
2018-05-22T02:48:59.421Z - verbose: userController.loginUser begin
2018-05-22T02:49:34.849Z - verbose: userController.loginUser begin
2018-05-22T02:50:55.047Z - verbose: Setting up API routes for the User entity.
2018-05-22T02:50:55.065Z - info: GEMeetingRequestApiApp listening on port 9090
2018-05-22T02:51:10.869Z - verbose: userController.loginUser begin
