2018-06-04T19:03:09.826Z - verbose: userController.loginUser begin
2018-06-04T19:03:09.836Z - info: userController.loginUser - User.findOne success. About to send back http response with user: { _id: 5b0af7e32517c124b4f43141,
  email: 'johndoe@ge.com',
  name: 'John Doe',
  createdAt: 2018-05-27T18:24:35.242Z,
  updatedAt: 2018-05-27T18:24:35.242Z,
  __v: 0 }
2018-06-04T19:06:44.597Z - verbose: userController.loginUser begin
2018-06-04T19:06:44.603Z - info: userController.loginUser - User.findOne success. About to send back http response with user: { _id: 5b0af7e32517c124b4f43141,
  email: 'johndoe@ge.com',
  name: 'John Doe',
  createdAt: 2018-05-27T18:24:35.242Z,
  updatedAt: 2018-05-27T18:24:35.242Z,
  __v: 0 }
2018-06-04T19:10:39.728Z - verbose: userController.loginUser begin
2018-06-04T19:10:39.735Z - info: userController.loginUser - User.findOne success. About to send back http response with user: { _id: 5b0af7e32517c124b4f43141,
  email: 'johndoe@ge.com',
  name: 'John Doe',
  createdAt: 2018-05-27T18:24:35.242Z,
  updatedAt: 2018-05-27T18:24:35.242Z,
  __v: 0 }
