2018-06-04T21:07:00.457Z - verbose: Setting up API routes for the User entity.
2018-06-04T21:07:00.465Z - verbose: Setting up API routes for the RequestPrompt entity.
2018-06-04T21:07:00.476Z - info: GEMeetingRequestApiApp listening on port 9090
2018-06-04T21:11:09.378Z - verbose: userController.loginUser begin
2018-06-04T21:11:10.540Z - info: userController.loginUser - User.findOne success. About to send back http response with user: { _id: 5b0af7e32517c124b4f43141,
  email: 'johndoe@ge.com',
  name: 'John Doe',
  createdAt: 2018-05-27T18:24:35.242Z,
  updatedAt: 2018-05-27T18:24:35.242Z,
  __v: 0 }
2018-06-04T21:23:00.340Z - verbose: userController.loginUser begin
2018-06-04T21:23:00.356Z - info: userController.loginUser - User.findOne success. About to send back http response with user: { _id: 5b0af7e32517c124b4f43141,
  email: 'johndoe@ge.com',
  name: 'John Doe',
  createdAt: 2018-05-27T18:24:35.242Z,
  updatedAt: 2018-05-27T18:24:35.242Z,
  __v: 0 }
2018-06-04T21:24:40.626Z - verbose: userController.loginUser begin
2018-06-04T21:24:40.639Z - info: userController.loginUser - User.findOne success. About to send back http response with user: { _id: 5b0af7e32517c124b4f43141,
  email: 'johndoe@ge.com',
  name: 'John Doe',
  createdAt: 2018-05-27T18:24:35.242Z,
  updatedAt: 2018-05-27T18:24:35.242Z,
  __v: 0 }
2018-06-04T21:33:30.492Z - verbose: userController.loginUser begin
2018-06-04T21:33:30.498Z - info: userController.loginUser - User.findOne success. About to send back http response with user: { _id: 5b0af7e32517c124b4f43141,
  email: 'johndoe@ge.com',
  name: 'John Doe',
  createdAt: 2018-05-27T18:24:35.242Z,
  updatedAt: 2018-05-27T18:24:35.242Z,
  __v: 0 }
2018-06-04T21:36:59.240Z - verbose: userController.loginUser begin
2018-06-04T21:36:59.251Z - info: userController.loginUser - User.findOne success. About to send back http response with user: { _id: 5b0af7e32517c124b4f43141,
  email: 'johndoe@ge.com',
  name: 'John Doe',
  createdAt: 2018-05-27T18:24:35.242Z,
  updatedAt: 2018-05-27T18:24:35.242Z,
  __v: 0 }
2018-06-04T21:50:50.334Z - verbose: userController.loginUser begin
2018-06-04T21:50:50.349Z - info: userController.loginUser - User.findOne success. About to send back http response with user: { _id: 5b0af7e32517c124b4f43141,
  email: 'johndoe@ge.com',
  name: 'John Doe',
  createdAt: 2018-05-27T18:24:35.242Z,
  updatedAt: 2018-05-27T18:24:35.242Z,
  __v: 0 }
2018-06-04T21:52:34.358Z - verbose: userController.loginUser begin
2018-06-04T21:52:34.367Z - info: userController.loginUser - User.findOne success. About to send back http response with user: { _id: 5b0af7e32517c124b4f43141,
  email: 'johndoe@ge.com',
  name: 'John Doe',
  createdAt: 2018-05-27T18:24:35.242Z,
  updatedAt: 2018-05-27T18:24:35.242Z,
  __v: 0 }
2018-06-04T21:54:11.124Z - verbose: userController.loginUser begin
2018-06-04T21:54:11.136Z - info: userController.loginUser - User.findOne success. About to send back http response with user: { _id: 5b0af7e32517c124b4f43141,
  email: 'johndoe@ge.com',
  name: 'John Doe',
  createdAt: 2018-05-27T18:24:35.242Z,
  updatedAt: 2018-05-27T18:24:35.242Z,
  __v: 0 }
