2018-05-21T18:22:23.599Z - verbose: Set up API routes for the User entity.
2018-05-21T18:22:23.614Z - info: GEMeetingRequestApiApp listening on port 9090
2018-05-21T18:24:17.939Z - verbose: Set up API routes for the User entity.
2018-05-21T18:24:17.959Z - info: GEMeetingRequestApiApp listening on port 9090
2018-05-21T18:25:23.142Z - verbose: Setting up API routes for the User entity.
2018-05-21T18:25:23.159Z - info: GEMeetingRequestApiApp listening on port 9090
2018-05-21T18:30:15.411Z - verbose: userController.updateUser begin
2018-05-21T18:30:17.489Z - error: userController.updateUser - unable to find the updated User by id 5b03103737d8a42a78e1ea8c. Error: null
2018-05-21T18:30:44.593Z - verbose: userController.createUser begin
2018-05-21T18:30:44.651Z - info: userController.createUser - User.save success. About to send back http response with user called { _id: 5b03105437d8a42a78e1ea8d,
  email: 'johndoe@ge.com',
  name: 'John Doe',
  createdAt: 2018-05-21T18:30:44.596Z,
  updatedAt: 2018-05-21T18:30:44.596Z,
  __v: 0 }
2018-05-21T18:31:03.514Z - verbose: userController.getUsers begin
2018-05-21T18:31:03.523Z - info: userController.getUsers - User.find success. About to send back http response with 1 users
2018-05-21T18:54:44.061Z - verbose: userController.createUser begin
2018-05-21T18:54:44.064Z - info: userController.createUser - User.save success. About to send back http response with user called { _id: 5b0315f437d8a42a78e1ea8e,
  email: 'tomsmith@ge.com',
  name: 'Tom Smith',
  createdAt: 2018-05-21T18:54:44.062Z,
  updatedAt: 2018-05-21T18:54:44.062Z,
  __v: 0 }
2018-05-21T18:57:02.169Z - verbose: userController.getUsers begin
2018-05-21T18:57:02.173Z - info: userController.getUsers - User.find success. About to send back http response with 2 users
